This is pdfTeX, Version 3.14159265-2.6-1.40.19 (MiKTeX 2.9.6730 64-bit) (preloaded format=pdflatex 2018.8.19)  25 JAN 2019 14:35
entering extended mode
**./RCalculo-Parecer.tex
(RCalculo-Parecer.tex
LaTeX2e <2018-04-01> patch level 5

("C:\Users\Pedro.Pedro-PC\AppData\Local\Programs\MiKTeX 2.9\tex\latex\base\arti
cle.cls"
Document Class: article 2014/09/29 v1.4h Standard LaTeX document class

("C:\Users\Pedro.Pedro-PC\AppData\Local\Programs\MiKTeX 2.9\tex\latex\base\size
10.clo"
File: size10.clo 2014/09/29 v1.4h Standard LaTeX file (size option)
)
\c@part=\count80
\c@section=\count81
\c@subsection=\count82
\c@subsubsection=\count83
\c@paragraph=\count84
\c@subparagraph=\count85
\c@figure=\count86
\c@table=\count87
\abovecaptionskip=\skip41
\belowcaptionskip=\skip42
\bibindent=\dimen102
)
("C:\Users\Pedro.Pedro-PC\AppData\Local\Programs\MiKTeX 2.9\tex\latex\graphics\
graphicx.sty"
Package: graphicx 2017/06/01 v1.1a Enhanced LaTeX Graphics (DPC,SPQR)

("C:\Users\Pedro.Pedro-PC\AppData\Local\Programs\MiKTeX 2.9\tex\latex\graphics\
keyval.sty"
Package: keyval 2014/10/28 v1.15 key=value parser (DPC)
\KV@toks@=\toks14
)
("C:\Users\Pedro.Pedro-PC\AppData\Local\Programs\MiKTeX 2.9\tex\latex\graphics\
graphics.sty"
Package: graphics 2017/06/25 v1.2c Standard LaTeX Graphics (DPC,SPQR)

("C:\Users\Pedro.Pedro-PC\AppData\Local\Programs\MiKTeX 2.9\tex\latex\graphics\
trig.sty"
Package: trig 2016/01/03 v1.10 sin cos tan (DPC)
)
("C:\Users\Pedro.Pedro-PC\AppData\Local\Programs\MiKTeX 2.9\tex\latex\graphics-
cfg\graphics.cfg"
File: graphics.cfg 2016/06/04 v1.11 sample graphics configuration
)
Package graphics Info: Driver file: pdftex.def on input line 99.

("C:\Users\Pedro.Pedro-PC\AppData\Local\Programs\MiKTeX 2.9\tex\latex\graphics-
def\pdftex.def"
File: pdftex.def 2018/01/08 v1.0l Graphics/color driver for pdftex
))
\Gin@req@height=\dimen103
\Gin@req@width=\dimen104
)
("C:\Users\Pedro.Pedro-PC\AppData\Local\Programs\MiKTeX 2.9\tex\latex\graphics\
color.sty"
Package: color 2016/07/10 v1.1e Standard LaTeX Color (DPC)

("C:\Users\Pedro.Pedro-PC\AppData\Local\Programs\MiKTeX 2.9\tex\latex\graphics-
cfg\color.cfg"
File: color.cfg 2016/01/02 v1.6 sample color configuration
)
Package color Info: Driver file: pdftex.def on input line 147.
)
("C:\Users\Pedro.Pedro-PC\AppData\Local\Programs\MiKTeX 2.9\tex\latex\framed\fr
amed.sty"
Package: framed 2011/10/22 v 0.96: framed or shaded text with page breaks
\OuterFrameSep=\skip43
\fb@frw=\dimen105
\fb@frh=\dimen106
\FrameRule=\dimen107
\FrameSep=\dimen108
)
("C:\Users\Pedro.Pedro-PC\AppData\Local\Programs\MiKTeX 2.9\tex\latex\amsmath\a
msmath.sty"
Package: amsmath 2017/09/02 v2.17a AMS math features
\@mathmargin=\skip44

For additional information on amsmath, use the `?' option.

("C:\Users\Pedro.Pedro-PC\AppData\Local\Programs\MiKTeX 2.9\tex\latex\amsmath\a
mstext.sty"
Package: amstext 2000/06/29 v2.01 AMS text

("C:\Users\Pedro.Pedro-PC\AppData\Local\Programs\MiKTeX 2.9\tex\latex\amsmath\a
msgen.sty"
File: amsgen.sty 1999/11/30 v2.0 generic functions
\@emptytoks=\toks15
\ex@=\dimen109
))
("C:\Users\Pedro.Pedro-PC\AppData\Local\Programs\MiKTeX 2.9\tex\latex\amsmath\a
msbsy.sty"
Package: amsbsy 1999/11/29 v1.2d Bold Symbols
\pmbraise@=\dimen110
)
("C:\Users\Pedro.Pedro-PC\AppData\Local\Programs\MiKTeX 2.9\tex\latex\amsmath\a
msopn.sty"
Package: amsopn 2016/03/08 v2.02 operator names
)
\inf@bad=\count88
LaTeX Info: Redefining \frac on input line 213.
\uproot@=\count89
\leftroot@=\count90
LaTeX Info: Redefining \overline on input line 375.
\classnum@=\count91
\DOTSCASE@=\count92
LaTeX Info: Redefining \ldots on input line 472.
LaTeX Info: Redefining \dots on input line 475.
LaTeX Info: Redefining \cdots on input line 596.
\Mathstrutbox@=\box26
\strutbox@=\box27
\big@size=\dimen111
LaTeX Font Info:    Redeclaring font encoding OML on input line 712.
LaTeX Font Info:    Redeclaring font encoding OMS on input line 713.
\macc@depth=\count93
\c@MaxMatrixCols=\count94
\dotsspace@=\muskip10
\c@parentequation=\count95
\dspbrk@lvl=\count96
\tag@help=\toks16
\row@=\count97
\column@=\count98
\maxfields@=\count99
\andhelp@=\toks17
\eqnshift@=\dimen112
\alignsep@=\dimen113
\tagshift@=\dimen114
\tagwidth@=\dimen115
\totwidth@=\dimen116
\lineht@=\dimen117
\@envbody=\toks18
\multlinegap=\skip45
\multlinetaggap=\skip46
\mathdisplay@stack=\toks19
LaTeX Info: Redefining \[ on input line 2817.
LaTeX Info: Redefining \] on input line 2818.
)
("C:\Users\Pedro.Pedro-PC\AppData\Local\Programs\MiKTeX 2.9\tex\latex\base\allt
t.sty"
Package: alltt 1997/06/16 v2.0g defines alltt environment
)
("C:\Users\Pedro.Pedro-PC\AppData\Local\Programs\MiKTeX 2.9\tex\generic\babel\b
abel.sty"
Package: babel 2018/06/05 3.22 The Babel package

("C:\Users\Pedro.Pedro-PC\AppData\Local\Programs\MiKTeX 2.9\tex\generic\babel\s
witch.def"
File: switch.def 2018/06/05 3.22 Babel switching mechanism
)
*************************************
* Local config file bblopts.cfg used
*

("C:\Users\Pedro.Pedro-PC\AppData\Local\Programs\MiKTeX 2.9\tex\latex\arabi\bbl
opts.cfg"
File: bblopts.cfg 2005/09/08 v0.1 add Arabic and Farsi to "declared" options of
 babel
)
("C:\Users\Pedro.Pedro-PC\AppData\Local\Programs\MiKTeX 2.9\tex\latex\babel-por
tuges\portuges.ldf"
Language: portuges 2008/03/18 v1.2q Portuguese support from the babel system

("C:\Users\Pedro.Pedro-PC\AppData\Local\Programs\MiKTeX 2.9\tex\generic\babel\b
abel.def"
File: babel.def 2018/06/05 3.22 Babel common definitions
\babel@savecnt=\count100
\U@D=\dimen118

("C:\Users\Pedro.Pedro-PC\AppData\Local\Programs\MiKTeX 2.9\tex\generic\babel\t
xtbabel.def")
\bbl@dirlevel=\count101
)
\l@brazilian = a dialect from \language\l@portuges 
Package babel Info: Making " an active character on input line 145.
))
("C:\Users\Pedro.Pedro-PC\AppData\Local\Programs\MiKTeX 2.9\tex\latex\base\inpu
tenc.sty"
Package: inputenc 2018/04/06 v1.3b Input encoding file
\inpenc@prehook=\toks20
\inpenc@posthook=\toks21
)
("C:\Users\Pedro.Pedro-PC\AppData\Local\Programs\MiKTeX 2.9\tex\latex\base\font
enc.sty"
Package: fontenc 2017/04/05 v2.0i Standard LaTeX package

("C:\Users\Pedro.Pedro-PC\AppData\Local\Programs\MiKTeX 2.9\tex\latex\base\t1en
c.def"
File: t1enc.def 2017/04/05 v2.0i Standard LaTeX file
LaTeX Font Info:    Redeclaring font encoding T1 on input line 48.
))
("C:\Users\Pedro.Pedro-PC\AppData\Local\Programs\MiKTeX 2.9\tex\latex\xcolor\xc
olor.sty"
Package: xcolor 2016/05/11 v2.12 LaTeX color extensions (UK)

("C:\Users\Pedro.Pedro-PC\AppData\Local\Programs\MiKTeX 2.9\tex\latex\graphics-
cfg\color.cfg"
File: color.cfg 2016/01/02 v1.6 sample color configuration
)
Package xcolor Info: Driver file: pdftex.def on input line 225.
LaTeX Info: Redefining \color on input line 709.
Package xcolor Info: Model `cmy' substituted by `cmy0' on input line 1348.
Package xcolor Info: Model `hsb' substituted by `rgb' on input line 1352.
Package xcolor Info: Model `RGB' extended on input line 1364.
Package xcolor Info: Model `HTML' substituted by `rgb' on input line 1366.
Package xcolor Info: Model `Hsb' substituted by `hsb' on input line 1367.
Package xcolor Info: Model `tHsb' substituted by `hsb' on input line 1368.
Package xcolor Info: Model `HSB' substituted by `hsb' on input line 1369.
Package xcolor Info: Model `Gray' substituted by `gray' on input line 1370.
Package xcolor Info: Model `wave' substituted by `hsb' on input line 1371.
)
("C:\Users\Pedro.Pedro-PC\AppData\Local\Programs\MiKTeX 2.9\tex\latex\xwatermar
k\xwatermark.sty"
("C:\Users\Pedro.Pedro-PC\AppData\Local\Programs\MiKTeX 2.9\tex\latex\catoption
s\catoptions.sty"
\m@one=\count102
\z@pt=\dimen119
Package: catoptions 2014/08/29 v0.2.7h Securing catcodes and parsing options (A
M)
\cpt@csvdepth=\count103
\cpt@optdepth=\count104
\cpt@cnta=\count105
\indrisdepth=\count106
\cpt@foreachdepth=\count107
\cpt@exprcnt=\count108
)
Package: xwatermark 2012/10/23 v1.5.2d A dynamic watermarking scheme (Ahmed Mus
a)

("C:\Users\Pedro.Pedro-PC\AppData\Local\Programs\MiKTeX 2.9\tex\latex\base\fix-
cm.sty"
Package: fix-cm 2015/01/14 v1.1t fixes to LaTeX

("C:\Users\Pedro.Pedro-PC\AppData\Local\Programs\MiKTeX 2.9\tex\latex\base\ts1e
nc.def"
File: ts1enc.def 2001/06/05 v3.0e (jk/car/fm) Standard LaTeX file
Now handling font encoding TS1 ...
... processing UTF-8 mapping file for font encoding TS1

("C:\Users\Pedro.Pedro-PC\AppData\Local\Programs\MiKTeX 2.9\tex\latex\base\ts1e
nc.dfu"
File: ts1enc.dfu 2018/04/05 v1.2c UTF-8 support for inputenc
   defining Unicode char U+00A2 (decimal 162)
   defining Unicode char U+00A3 (decimal 163)
   defining Unicode char U+00A4 (decimal 164)
   defining Unicode char U+00A5 (decimal 165)
   defining Unicode char U+00A6 (decimal 166)
   defining Unicode char U+00A7 (decimal 167)
   defining Unicode char U+00A8 (decimal 168)
   defining Unicode char U+00A9 (decimal 169)
   defining Unicode char U+00AA (decimal 170)
   defining Unicode char U+00AC (decimal 172)
   defining Unicode char U+00AE (decimal 174)
   defining Unicode char U+00AF (decimal 175)
   defining Unicode char U+00B0 (decimal 176)
   defining Unicode char U+00B1 (decimal 177)
   defining Unicode char U+00B2 (decimal 178)
   defining Unicode char U+00B3 (decimal 179)
   defining Unicode char U+00B4 (decimal 180)
   defining Unicode char U+00B5 (decimal 181)
   defining Unicode char U+00B6 (decimal 182)
   defining Unicode char U+00B7 (decimal 183)
   defining Unicode char U+00B9 (decimal 185)
   defining Unicode char U+00BA (decimal 186)
   defining Unicode char U+00BC (decimal 188)
   defining Unicode char U+00BD (decimal 189)
   defining Unicode char U+00BE (decimal 190)
   defining Unicode char U+00D7 (decimal 215)
   defining Unicode char U+00F7 (decimal 247)
   defining Unicode char U+0192 (decimal 402)
   defining Unicode char U+02C7 (decimal 711)
   defining Unicode char U+02D8 (decimal 728)
   defining Unicode char U+02DD (decimal 733)
   defining Unicode char U+0E3F (decimal 3647)
   defining Unicode char U+2016 (decimal 8214)
   defining Unicode char U+2020 (decimal 8224)
   defining Unicode char U+2021 (decimal 8225)
   defining Unicode char U+2022 (decimal 8226)
   defining Unicode char U+2030 (decimal 8240)
   defining Unicode char U+2031 (decimal 8241)
   defining Unicode char U+203B (decimal 8251)
   defining Unicode char U+203D (decimal 8253)
   defining Unicode char U+2044 (decimal 8260)
   defining Unicode char U+204E (decimal 8270)
   defining Unicode char U+2052 (decimal 8274)
   defining Unicode char U+20A1 (decimal 8353)
   defining Unicode char U+20A4 (decimal 8356)
   defining Unicode char U+20A6 (decimal 8358)
   defining Unicode char U+20A9 (decimal 8361)
   defining Unicode char U+20AB (decimal 8363)
   defining Unicode char U+20AC (decimal 8364)
   defining Unicode char U+20B1 (decimal 8369)
   defining Unicode char U+2103 (decimal 8451)
   defining Unicode char U+2116 (decimal 8470)
   defining Unicode char U+2117 (decimal 8471)
   defining Unicode char U+211E (decimal 8478)
   defining Unicode char U+2120 (decimal 8480)
   defining Unicode char U+2122 (decimal 8482)
   defining Unicode char U+2126 (decimal 8486)
   defining Unicode char U+2127 (decimal 8487)
   defining Unicode char U+212E (decimal 8494)
   defining Unicode char U+2190 (decimal 8592)
   defining Unicode char U+2191 (decimal 8593)
   defining Unicode char U+2192 (decimal 8594)
   defining Unicode char U+2193 (decimal 8595)
   defining Unicode char U+2329 (decimal 9001)
   defining Unicode char U+232A (decimal 9002)
   defining Unicode char U+2422 (decimal 9250)
   defining Unicode char U+25E6 (decimal 9702)
   defining Unicode char U+25EF (decimal 9711)
   defining Unicode char U+266A (decimal 9834)
   defining Unicode char U+FEFF (decimal 65279)
)))
("C:\Users\Pedro.Pedro-PC\AppData\Local\Programs\MiKTeX 2.9\tex\latex\oberdiek\
picture.sty"
Package: picture 2016/05/16 v1.4 Dimens for picture macros (HO)
Package picture Info: Calculation method: etex.
)
("C:\Users\Pedro.Pedro-PC\AppData\Local\Programs\MiKTeX 2.9\tex\generic\oberdie
k\atbegshi.sty"
Package: atbegshi 2016/06/09 v1.18 At begin shipout hook (HO)

("C:\Users\Pedro.Pedro-PC\AppData\Local\Programs\MiKTeX 2.9\tex\generic\oberdie
k\infwarerr.sty"
Package: infwarerr 2016/05/16 v1.4 Providing info/warning/error messages (HO)
)
("C:\Users\Pedro.Pedro-PC\AppData\Local\Programs\MiKTeX 2.9\tex\generic\oberdie
k\ltxcmds.sty"
Package: ltxcmds 2016/05/16 v1.23 LaTeX kernel commands for general use (HO)
)
("C:\Users\Pedro.Pedro-PC\AppData\Local\Programs\MiKTeX 2.9\tex\generic\oberdie
k\ifpdf.sty"
Package: ifpdf 2017/03/15 v3.2 Provides the ifpdf switch
))
("C:\Users\Pedro.Pedro-PC\AppData\Local\Programs\MiKTeX 2.9\tex\latex\fancyhdr\
fancyhdr.sty"
Package: fancyhdr 2017/06/30 v3.9a Extensive control of page headers and footer
s
\f@nch@headwidth=\skip47
\f@nch@O@elh=\skip48
\f@nch@O@erh=\skip49
\f@nch@O@olh=\skip50
\f@nch@O@orh=\skip51
\f@nch@O@elf=\skip52
\f@nch@O@erf=\skip53
\f@nch@O@olf=\skip54
\f@nch@O@orf=\skip55
)
("C:\Users\Pedro.Pedro-PC\AppData\Local\Programs\MiKTeX 2.9\tex\latex\oberdiek\
atveryend.sty"
Package: atveryend 2016/05/16 v1.9 Hooks at the very end of document (HO)
Package atveryend Info: \enddocument detected (standard20110627).
)
("C:\Users\Pedro.Pedro-PC\AppData\Local\Programs\MiKTeX 2.9\tex\latex\ltxkeys\l
txkeys.sty"
Package: ltxkeys 2012/11/17 v0.0.3c A robust key-value parser (AM) (Ahmed Musa)

\ltxkeys@csvdepth=\count109
\ltxkeys@keydepth=\count110
)
\AtBeginShipoutBox=\box28
\xwm@boxa=\box29
\xwm@boxb=\box30
\xwm@cnta=\count111
\xwm@wrt=\write3
 (RCalculo-Parecer.xwm)
\openout3 = `RCalculo-Parecer.xwm'.

)
("C:\Users\Pedro.Pedro-PC\AppData\Local\Programs\MiKTeX 2.9\tex\latex\psnfss\he
lvet.sty"
Package: helvet 2005/04/12 PSNFSS-v9.2a (WaS) 
)
("C:\Users\Pedro.Pedro-PC\AppData\Local\Programs\MiKTeX 2.9\tex\latex\geometry\
geometry.sty"
Package: geometry 2018/04/16 v5.8 Page Geometry

("C:\Users\Pedro.Pedro-PC\AppData\Local\Programs\MiKTeX 2.9\tex\generic\oberdie
k\ifvtex.sty"
Package: ifvtex 2016/05/16 v1.6 Detect VTeX and its facilities (HO)
Package ifvtex Info: VTeX not detected.
)
("C:\Users\Pedro.Pedro-PC\AppData\Local\Programs\MiKTeX 2.9\tex\generic\ifxetex
\ifxetex.sty"
Package: ifxetex 2010/09/12 v0.6 Provides ifxetex conditional
)
\Gm@cnth=\count112
\Gm@cntv=\count113
\c@Gm@tempcnt=\count114
\Gm@bindingoffset=\dimen120
\Gm@wd@mp=\dimen121
\Gm@odd@mp=\dimen122
\Gm@even@mp=\dimen123
\Gm@layoutwidth=\dimen124
\Gm@layoutheight=\dimen125
\Gm@layouthoffset=\dimen126
\Gm@layoutvoffset=\dimen127
\Gm@dimlist=\toks22

("C:\Users\Pedro.Pedro-PC\AppData\Local\Programs\MiKTeX 2.9\tex\latex\geometry\
geometry.cfg"))
("C:\Users\Pedro.Pedro-PC\AppData\Local\Programs\MiKTeX 2.9\tex\latex\ncctools\
watermark.sty"
Package: watermark 2004/12/09 v1.1 Watermarks (NCC)
)
("C:\Users\Pedro.Pedro-PC\AppData\Local\Programs\MiKTeX 2.9\tex\latex\tools\lon
gtable.sty"
Package: longtable 2014/10/28 v4.11 Multi-page Table package (DPC)
\LTleft=\skip56
\LTright=\skip57
\LTpre=\skip58
\LTpost=\skip59
\LTchunksize=\count115
\LTcapwidth=\dimen128
\LT@head=\box31
\LT@firsthead=\box32
\LT@foot=\box33
\LT@lastfoot=\box34
\LT@cols=\count116
\LT@rows=\count117
\c@LT@tables=\count118
\c@LT@chunks=\count119
\LT@p@ftn=\toks23
)
("C:\Users\Pedro.Pedro-PC\AppData\Local\Programs\MiKTeX 2.9\tex\latex\booktabs\
booktabs.sty"
Package: booktabs 2005/04/14 v1.61803 publication quality tables
\heavyrulewidth=\dimen129
\lightrulewidth=\dimen130
\cmidrulewidth=\dimen131
\belowrulesep=\dimen132
\belowbottomsep=\dimen133
\aboverulesep=\dimen134
\abovetopsep=\dimen135
\cmidrulesep=\dimen136
\cmidrulekern=\dimen137
\defaultaddspace=\dimen138
\@cmidla=\count120
\@cmidlb=\count121
\@aboverulesep=\dimen139
\@belowrulesep=\dimen140
\@thisruleclass=\count122
\@lastruleclass=\count123
\@thisrulewidth=\dimen141
)
("C:\Users\Pedro.Pedro-PC\AppData\Local\Programs\MiKTeX 2.9\tex\latex\draftwate
rmark\draftwatermark.sty"
Package: draftwatermark 2015/02/19 1.2 Put a gray textual watermark on document
 pages

("C:\Users\Pedro.Pedro-PC\AppData\Local\Programs\MiKTeX 2.9\tex\latex\everypage
\everypage.sty"
Package: everypage 2007/06/20 1.1 Hooks to run on every page
)
\sc@wm@hcenter=\skip60
\sc@wm@vcenter=\skip61
\sc@wm@fontsize=\skip62
)
("C:\Users\Pedro.Pedro-PC\AppData\Local\Programs\MiKTeX 2.9\tex\latex\upquote\u
pquote.sty"
Package: upquote 2012/04/19 v1.3 upright-quote and grave-accent glyphs in verba
tim

("C:\Users\Pedro.Pedro-PC\AppData\Local\Programs\MiKTeX 2.9\tex\latex\base\text
comp.sty"
Package: textcomp 2017/04/05 v2.0i Standard LaTeX package
Package textcomp Info: Sub-encoding information:
(textcomp)               5 = only ISO-Adobe without \textcurrency
(textcomp)               4 = 5 + \texteuro
(textcomp)               3 = 4 + \textohm
(textcomp)               2 = 3 + \textestimated + \textcurrency
(textcomp)               1 = TS1 - \textcircled - \t
(textcomp)               0 = TS1 (full)
(textcomp)             Font families with sub-encoding setting implement
(textcomp)             only a restricted character set as indicated.
(textcomp)             Family '?' is the default used for unknown fonts.
(textcomp)             See the documentation for details.
Package textcomp Info: Setting ? sub-encoding to TS1/1 on input line 80.

("C:\Users\Pedro.Pedro-PC\AppData\Local\Programs\MiKTeX 2.9\tex\latex\base\ts1e
nc.def"
File: ts1enc.def 2001/06/05 v3.0e (jk/car/fm) Standard LaTeX file
LaTeX Font Info:    Redeclaring font encoding TS1 on input line 47.
)
LaTeX Info: Redefining \oldstylenums on input line 334.
Package textcomp Info: Setting cmr sub-encoding to TS1/0 on input line 349.
Package textcomp Info: Setting cmss sub-encoding to TS1/0 on input line 350.
Package textcomp Info: Setting cmtt sub-encoding to TS1/0 on input line 351.
Package textcomp Info: Setting cmvtt sub-encoding to TS1/0 on input line 352.
Package textcomp Info: Setting cmbr sub-encoding to TS1/0 on input line 353.
Package textcomp Info: Setting cmtl sub-encoding to TS1/0 on input line 354.
Package textcomp Info: Setting ccr sub-encoding to TS1/0 on input line 355.
Package textcomp Info: Setting ptm sub-encoding to TS1/4 on input line 356.
Package textcomp Info: Setting pcr sub-encoding to TS1/4 on input line 357.
Package textcomp Info: Setting phv sub-encoding to TS1/4 on input line 358.
Package textcomp Info: Setting ppl sub-encoding to TS1/3 on input line 359.
Package textcomp Info: Setting pag sub-encoding to TS1/4 on input line 360.
Package textcomp Info: Setting pbk sub-encoding to TS1/4 on input line 361.
Package textcomp Info: Setting pnc sub-encoding to TS1/4 on input line 362.
Package textcomp Info: Setting pzc sub-encoding to TS1/4 on input line 363.
Package textcomp Info: Setting bch sub-encoding to TS1/4 on input line 364.
Package textcomp Info: Setting put sub-encoding to TS1/5 on input line 365.
Package textcomp Info: Setting uag sub-encoding to TS1/5 on input line 366.
Package textcomp Info: Setting ugq sub-encoding to TS1/5 on input line 367.
Package textcomp Info: Setting ul8 sub-encoding to TS1/4 on input line 368.
Package textcomp Info: Setting ul9 sub-encoding to TS1/4 on input line 369.
Package textcomp Info: Setting augie sub-encoding to TS1/5 on input line 370.
Package textcomp Info: Setting dayrom sub-encoding to TS1/3 on input line 371.
Package textcomp Info: Setting dayroms sub-encoding to TS1/3 on input line 372.

Package textcomp Info: Setting pxr sub-encoding to TS1/0 on input line 373.
Package textcomp Info: Setting pxss sub-encoding to TS1/0 on input line 374.
Package textcomp Info: Setting pxtt sub-encoding to TS1/0 on input line 375.
Package textcomp Info: Setting txr sub-encoding to TS1/0 on input line 376.
Package textcomp Info: Setting txss sub-encoding to TS1/0 on input line 377.
Package textcomp Info: Setting txtt sub-encoding to TS1/0 on input line 378.
Package textcomp Info: Setting lmr sub-encoding to TS1/0 on input line 379.
Package textcomp Info: Setting lmdh sub-encoding to TS1/0 on input line 380.
Package textcomp Info: Setting lmss sub-encoding to TS1/0 on input line 381.
Package textcomp Info: Setting lmssq sub-encoding to TS1/0 on input line 382.
Package textcomp Info: Setting lmvtt sub-encoding to TS1/0 on input line 383.
Package textcomp Info: Setting lmtt sub-encoding to TS1/0 on input line 384.
Package textcomp Info: Setting qhv sub-encoding to TS1/0 on input line 385.
Package textcomp Info: Setting qag sub-encoding to TS1/0 on input line 386.
Package textcomp Info: Setting qbk sub-encoding to TS1/0 on input line 387.
Package textcomp Info: Setting qcr sub-encoding to TS1/0 on input line 388.
Package textcomp Info: Setting qcs sub-encoding to TS1/0 on input line 389.
Package textcomp Info: Setting qpl sub-encoding to TS1/0 on input line 390.
Package textcomp Info: Setting qtm sub-encoding to TS1/0 on input line 391.
Package textcomp Info: Setting qzc sub-encoding to TS1/0 on input line 392.
Package textcomp Info: Setting qhvc sub-encoding to TS1/0 on input line 393.
Package textcomp Info: Setting futs sub-encoding to TS1/4 on input line 394.
Package textcomp Info: Setting futx sub-encoding to TS1/4 on input line 395.
Package textcomp Info: Setting futj sub-encoding to TS1/4 on input line 396.
Package textcomp Info: Setting hlh sub-encoding to TS1/3 on input line 397.
Package textcomp Info: Setting hls sub-encoding to TS1/3 on input line 398.
Package textcomp Info: Setting hlst sub-encoding to TS1/3 on input line 399.
Package textcomp Info: Setting hlct sub-encoding to TS1/5 on input line 400.
Package textcomp Info: Setting hlx sub-encoding to TS1/5 on input line 401.
Package textcomp Info: Setting hlce sub-encoding to TS1/5 on input line 402.
Package textcomp Info: Setting hlcn sub-encoding to TS1/5 on input line 403.
Package textcomp Info: Setting hlcw sub-encoding to TS1/5 on input line 404.
Package textcomp Info: Setting hlcf sub-encoding to TS1/5 on input line 405.
Package textcomp Info: Setting pplx sub-encoding to TS1/3 on input line 406.
Package textcomp Info: Setting pplj sub-encoding to TS1/3 on input line 407.
Package textcomp Info: Setting ptmx sub-encoding to TS1/4 on input line 408.
Package textcomp Info: Setting ptmj sub-encoding to TS1/4 on input line 409.
))
("C:\Users\Pedro.Pedro-PC\AppData\Local\Programs\MiKTeX 2.9\tex\latex\hyperref\
hyperref.sty"
Package: hyperref 2018/02/06 v6.86b Hypertext links for LaTeX

("C:\Users\Pedro.Pedro-PC\AppData\Local\Programs\MiKTeX 2.9\tex\generic\oberdie
k\hobsub-hyperref.sty"
Package: hobsub-hyperref 2016/05/16 v1.14 Bundle oberdiek, subset hyperref (HO)


("C:\Users\Pedro.Pedro-PC\AppData\Local\Programs\MiKTeX 2.9\tex\generic\oberdie
k\hobsub-generic.sty"
Package: hobsub-generic 2016/05/16 v1.14 Bundle oberdiek, subset generic (HO)
Package: hobsub 2016/05/16 v1.14 Construct package bundles (HO)
Package hobsub Info: Skipping package `infwarerr' (already loaded).
Package hobsub Info: Skipping package `ltxcmds' (already loaded).
Package: ifluatex 2016/05/16 v1.4 Provides the ifluatex switch (HO)
Package ifluatex Info: LuaTeX not detected.
Package hobsub Info: Skipping package `ifvtex' (already loaded).
Package: intcalc 2016/05/16 v1.2 Expandable calculations with integers (HO)
Package hobsub Info: Skipping package `ifpdf' (already loaded).
Package: etexcmds 2016/05/16 v1.6 Avoid name clashes with e-TeX commands (HO)
Package etexcmds Info: Could not find \expanded.
(etexcmds)             That can mean that you are not using pdfTeX 1.50 or
(etexcmds)             that some package has redefined \expanded.
(etexcmds)             In the latter case, load this package earlier.
Package: kvsetkeys 2016/05/16 v1.17 Key value parser (HO)
Package: kvdefinekeys 2016/05/16 v1.4 Define keys (HO)
Package: pdftexcmds 2018/01/30 v0.27 Utility functions of pdfTeX for LuaTeX (HO
)
Package pdftexcmds Info: LuaTeX not detected.
Package pdftexcmds Info: \pdf@primitive is available.
Package pdftexcmds Info: \pdf@ifprimitive is available.
Package pdftexcmds Info: \pdfdraftmode found.
Package: pdfescape 2016/05/16 v1.14 Implements pdfTeX's escape features (HO)
Package: bigintcalc 2016/05/16 v1.4 Expandable calculations on big integers (HO
)
Package: bitset 2016/05/16 v1.2 Handle bit-vector datatype (HO)
Package: uniquecounter 2016/05/16 v1.3 Provide unlimited unique counter (HO)
)
Package hobsub Info: Skipping package `hobsub' (already loaded).
Package: letltxmacro 2016/05/16 v1.5 Let assignment for LaTeX macros (HO)
Package: hopatch 2016/05/16 v1.3 Wrapper for package hooks (HO)
Package: xcolor-patch 2016/05/16 xcolor patch
Package hobsub Info: Skipping package `atveryend' (already loaded).
Package hobsub Info: Skipping package `atbegshi' (already loaded).
Package: refcount 2016/05/16 v3.5 Data extraction from label references (HO)
Package: hycolor 2016/05/16 v1.8 Color options for hyperref/bookmark (HO)
)
("C:\Users\Pedro.Pedro-PC\AppData\Local\Programs\MiKTeX 2.9\tex\latex\oberdiek\
auxhook.sty"
Package: auxhook 2016/05/16 v1.4 Hooks for auxiliary files (HO)
)
("C:\Users\Pedro.Pedro-PC\AppData\Local\Programs\MiKTeX 2.9\tex\latex\oberdiek\
kvoptions.sty"
Package: kvoptions 2016/05/16 v3.12 Key value format for package options (HO)
)
\@linkdim=\dimen142
\Hy@linkcounter=\count124
\Hy@pagecounter=\count125

("C:\Users\Pedro.Pedro-PC\AppData\Local\Programs\MiKTeX 2.9\tex\latex\hyperref\
pd1enc.def"
File: pd1enc.def 2018/02/06 v6.86b Hyperref: PDFDocEncoding definition (HO)
)
\Hy@SavedSpaceFactor=\count126

("C:\Users\Pedro.Pedro-PC\AppData\Local\Programs\MiKTeX 2.9\tex\latex\00miktex\
hyperref.cfg"
File: hyperref.cfg 2002/06/06 v1.2 hyperref configuration of TeXLive
)
Package hyperref Info: Hyper figures OFF on input line 4509.
Package hyperref Info: Link nesting OFF on input line 4514.
Package hyperref Info: Hyper index ON on input line 4517.
Package hyperref Info: Plain pages OFF on input line 4524.
Package hyperref Info: Backreferencing OFF on input line 4529.
Package hyperref Info: Implicit mode ON; LaTeX internals redefined.
Package hyperref Info: Bookmarks ON on input line 4762.
\c@Hy@tempcnt=\count127

("C:\Users\Pedro.Pedro-PC\AppData\Local\Programs\MiKTeX 2.9\tex\latex\url\url.s
ty"
\Urlmuskip=\muskip11
Package: url 2013/09/16  ver 3.4  Verb mode for urls, etc.
)
LaTeX Info: Redefining \url on input line 5115.
\XeTeXLinkMargin=\dimen143
\Fld@menulength=\count128
\Field@Width=\dimen144
\Fld@charsize=\dimen145
Package hyperref Info: Hyper figures OFF on input line 6369.
Package hyperref Info: Link nesting OFF on input line 6374.
Package hyperref Info: Hyper index ON on input line 6377.
Package hyperref Info: backreferencing OFF on input line 6384.
Package hyperref Info: Link coloring OFF on input line 6389.
Package hyperref Info: Link coloring with OCG OFF on input line 6394.
Package hyperref Info: PDF/A mode OFF on input line 6399.
LaTeX Info: Redefining \ref on input line 6439.
LaTeX Info: Redefining \pageref on input line 6443.
\Hy@abspage=\count129
\c@Item=\count130
\c@Hfootnote=\count131
)
Package hyperref Info: Driver (autodetected): hpdftex.

("C:\Users\Pedro.Pedro-PC\AppData\Local\Programs\MiKTeX 2.9\tex\latex\hyperref\
hpdftex.def"
File: hpdftex.def 2018/02/06 v6.86b Hyperref driver for pdfTeX
\Fld@listcount=\count132
\c@bookmark@seq@number=\count133

("C:\Users\Pedro.Pedro-PC\AppData\Local\Programs\MiKTeX 2.9\tex\latex\oberdiek\
rerunfilecheck.sty"
Package: rerunfilecheck 2016/05/16 v1.8 Rerun checks for auxiliary files (HO)
Package uniquecounter Info: New unique counter `rerunfilecheck' on input line 2
82.
)
\Hy@SectionHShift=\skip63
) (RCalculo-Parecer.aux)
\openout1 = `RCalculo-Parecer.aux'.

LaTeX Font Info:    Checking defaults for OML/cmm/m/it on input line 111.
LaTeX Font Info:    ... okay on input line 111.
LaTeX Font Info:    Checking defaults for T1/cmr/m/n on input line 111.
LaTeX Font Info:    ... okay on input line 111.
LaTeX Font Info:    Checking defaults for OT1/cmr/m/n on input line 111.
LaTeX Font Info:    ... okay on input line 111.
LaTeX Font Info:    Checking defaults for OMS/cmsy/m/n on input line 111.
LaTeX Font Info:    ... okay on input line 111.
LaTeX Font Info:    Checking defaults for OMX/cmex/m/n on input line 111.
LaTeX Font Info:    ... okay on input line 111.
LaTeX Font Info:    Checking defaults for U/cmr/m/n on input line 111.
LaTeX Font Info:    ... okay on input line 111.
LaTeX Font Info:    Checking defaults for TS1/cmr/m/n on input line 111.
LaTeX Font Info:    ... okay on input line 111.
LaTeX Font Info:    Checking defaults for PD1/pdf/m/n on input line 111.
LaTeX Font Info:    ... okay on input line 111.
LaTeX Font Info:    Try loading font information for T1+phv on input line 111.

("C:\Users\Pedro.Pedro-PC\AppData\Local\Programs\MiKTeX 2.9\tex\latex\psnfss\t1
phv.fd"
File: t1phv.fd 2001/06/04 scalable font definitions for T1/phv.
)
("C:\Users\Pedro.Pedro-PC\AppData\Local\Programs\MiKTeX 2.9\tex\context\base\su
pp-pdf.mkii"
[Loading MPS to PDF converter (version 2006.09.02).]
\scratchcounter=\count134
\scratchdimen=\dimen146
\scratchbox=\box35
\nofMPsegments=\count135
\nofMParguments=\count136
\everyMPshowfont=\toks24
\MPscratchCnt=\count137
\MPscratchDim=\dimen147
\MPnumerator=\count138
\makeMPintoPDFobject=\count139
\everyMPtoPDFconversion=\toks25
)
("C:\Users\Pedro.Pedro-PC\AppData\Local\Programs\MiKTeX 2.9\tex\latex\oberdiek\
epstopdf-base.sty"
Package: epstopdf-base 2016/05/15 v2.6 Base part for package epstopdf

("C:\Users\Pedro.Pedro-PC\AppData\Local\Programs\MiKTeX 2.9\tex\latex\oberdiek\
grfext.sty"
Package: grfext 2016/05/16 v1.2 Manage graphics extensions (HO)
)
Package epstopdf-base Info: Redefining graphics rule for `.eps' on input line 4
38.
Package grfext Info: Graphics extension search list:
(grfext)             [.pdf,.png,.jpg,.mps,.jpeg,.jbig2,.jb2,.PDF,.PNG,.JPG,.JPE
G,.JBIG2,.JB2,.eps]
(grfext)             \AppendGraphicsExtensions on input line 456.
)
*geometry* driver: auto-detecting
*geometry* detected driver: pdftex
*geometry* verbose mode - [ preamble ] result:
* driver: pdftex
* paper: a4paper
* layout: <same size as paper>
* layoutoffset:(h,v)=(0.0pt,0.0pt)
* modes: 
* h-part:(L,W,R)=(78.4229pt, 463.06862pt, 56.01636pt)
* v-part:(T,H,B)=(186.7212pt, 494.01099pt, 164.31465pt)
* \paperwidth=597.50787pt
* \paperheight=845.04684pt
* \textwidth=463.06862pt
* \textheight=494.01099pt
* \oddsidemargin=6.15291pt
* \evensidemargin=6.15291pt
* \topmargin=77.45122pt
* \headheight=12.0pt
* \headsep=25.0pt
* \topskip=10.0pt
* \footskip=30.0pt
* \marginparwidth=65.0pt
* \marginparsep=11.0pt
* \columnsep=10.0pt
* \skip\footins=9.0pt plus 4.0pt minus 2.0pt
* \hoffset=0.0pt
* \voffset=0.0pt
* \mag=1000
* \@twocolumnfalse
* \@twosidefalse
* \@mparswitchfalse
* \@reversemarginfalse
* (1in=72.27pt=25.4mm, 1cm=28.453pt)

Package hyperref Info: Link coloring OFF on input line 111.

("C:\Users\Pedro.Pedro-PC\AppData\Local\Programs\MiKTeX 2.9\tex\latex\hyperref\
nameref.sty"
Package: nameref 2016/05/21 v2.44 Cross-referencing by name of section

("C:\Users\Pedro.Pedro-PC\AppData\Local\Programs\MiKTeX 2.9\tex\generic\oberdie
k\gettitlestring.sty"
Package: gettitlestring 2016/05/16 v1.5 Cleanup title references (HO)
)
\c@section@level=\count140
)
LaTeX Info: Redefining \ref on input line 111.
LaTeX Info: Redefining \pageref on input line 111.
LaTeX Info: Redefining \nameref on input line 111.
 (RCalculo-Parecer.out) (RCalculo-Parecer.out)
\@outlinefile=\write4
\openout4 = `RCalculo-Parecer.out'.

LaTeX Font Info:    Font shape `T1/phv/bx/n' in size <14.4> not available
(Font)              Font shape `T1/phv/b/n' tried instead on input line 122.
LaTeX Font Info:    Calculating math sizes for size <9.95863> on input line 137
.
<test.png, id=3, 581.17125pt x 126.4725pt>
File: test.png Graphic file (type png)
<use test.png>
Package pdftex.def Info: test.png  used on input line 137.
(pdftex.def)             Requested size: 581.16983pt x 126.47218pt.
Package babel Info: Redefining portuges shorthand "|
(babel)             in language  on input line 137.
Package babel Info: Redefining portuges shorthand "|
(babel)             in language  on input line 137.
 [1{C:/Users/Pedro.Pedro-PC/AppData/Local/MiKTeX/2.9/pdftex/config/pdftex.map}

 <./test.png>]
LaTeX Font Info:    Font shape `T1/phv/bx/n' in size <10> not available
(Font)              Font shape `T1/phv/b/n' tried instead on input line 139.
Package atveryend Info: Empty hook `BeforeClearDocument' on input line 157.
File: test.png Graphic file (type png)
<use test.png>
Package pdftex.def Info: test.png  used on input line 157.
(pdftex.def)             Requested size: 581.16983pt x 126.47218pt.
Package babel Info: Redefining portuges shorthand "|
(babel)             in language  on input line 157.
Package babel Info: Redefining portuges shorthand "|
(babel)             in language  on input line 157.
pdfTeX warning (ext4): destination with the same identifier (name{page.}) has b
een already used, duplicate ignored
<to be read again> 
                   \relax 
l.157 \end{document}
                     [2]
Package atveryend Info: Executing hook `AfterLastShipout' on input line 157.
 (RCalculo-Parecer.xwm) (RCalculo-Parecer.aux)
Package atveryend Info: Executing hook `AtVeryEndDocument' on input line 157.
Package atveryend Info: Executing hook `AtEndAfterFileList' on input line 157.
Package rerunfilecheck Info: File `RCalculo-Parecer.out' has not changed.
(rerunfilecheck)             Checksum: D41D8CD98F00B204E9800998ECF8427E;0.
Package atveryend Info: Empty hook `AtVeryVeryEnd' on input line 157.
 ) 
Here is how much of TeX's memory you used:
 11917 strings out of 492973
 192822 string characters out of 3122705
 333795 words of memory out of 3000000
 15621 multiletter control sequences out of 15000+200000
 21699 words of font info for 36 fonts, out of 3000000 for 9000
 1141 hyphenation exceptions out of 8191
 53i,14n,58p,261b,439s stack positions out of 5000i,500n,10000p,200000b,50000s
{C:/Users/Pedro.Pedro-PC/AppData/Local/Programs/MiKTeX 2.9/fonts/enc/dvips/ba
se/8r.enc}<C:/Users/Pedro.Pedro-PC/AppData/Local/Programs/MiKTeX 2.9/fonts/type
1/public/amsfonts/cm/cmsy6.pfb><C:/Users/Pedro.Pedro-PC/AppData/Local/Programs/
MiKTeX 2.9/fonts/type1/urw/helvetic/uhvb8a.pfb><C:/Users/Pedro.Pedro-PC/AppData
/Local/Programs/MiKTeX 2.9/fonts/type1/urw/helvetic/uhvr8a.pfb>
Output written on RCalculo-Parecer.pdf (2 pages, 43222 bytes).
PDF statistics:
 30 PDF objects out of 1000 (max. 8388607)
 2 named destinations out of 1000 (max. 500000)
 6 words of extra memory for PDF output out of 10000 (max. 10000000)

